<?xml version="1.0" encoding="UTF-8"?>
<!-- Generated by org.testng.reporters.JUnitReportReporter -->
<testsuite hostname="MISHRA" failures="0" tests="1" name="rmgYantraBDDOptimization.GetSingleProjectTest" time="1.677" errors="0" timestamp="2023-07-22T12:08:27 IST" skipped="0">
  <testcase classname="rmgYantraBDDOptimization.GetSingleProjectTest" name="getSingleProject" time="1.677"/>
  <system-out/>
</testsuite> <!-- rmgYantraBDDOptimization.GetSingleProjectTest -->
