<?xml version="1.0" encoding="UTF-8"?>
<!-- Generated by org.testng.reporters.JUnitReportReporter -->
<testsuite hostname="MISHRA" failures="0" tests="1" name="Parameter.GetuserUsingQueryParameter" time="2.842" errors="0" timestamp="2023-07-24T10:36:12 IST" skipped="0">
  <testcase classname="Parameter.GetuserUsingQueryParameter" name="getUser" time="2.842"/>
  <system-out/>
</testsuite> <!-- Parameter.GetuserUsingQueryParameter -->
