<?xml version="1.0" encoding="UTF-8"?>
<!-- Generated by org.testng.reporters.JUnitReportReporter -->
<testsuite hostname="MISHRA" failures="0" tests="1" name="ResponseValidation.StaticResponseValidationTest" time="7.676" errors="0" timestamp="2023-07-25T11:06:09 IST" skipped="0">
  <testcase classname="ResponseValidation.StaticResponseValidationTest" name="getAllProject" time="7.676"/>
  <system-out>
    <![CDATA[validated successful]]>
  </system-out>
</testsuite> <!-- ResponseValidation.StaticResponseValidationTest -->
