<?xml version="1.0" encoding="UTF-8"?>
<!-- Generated by org.testng.reporters.JUnitReportReporter -->
<testsuite hostname="MISHRA" failures="0" tests="1" name="rmgYantra.GetSingleProjectTest" time="1.573" errors="0" timestamp="2023-07-22T11:04:19 IST" skipped="0">
  <testcase classname="rmgYantra.GetSingleProjectTest" name="getSingleProject" time="1.573"/>
  <system-out/>
</testsuite> <!-- rmgYantra.GetSingleProjectTest -->
