<?xml version="1.0" encoding="UTF-8"?>
<!-- Generated by org.testng.reporters.JUnitReportReporter -->
<testsuite hostname="MISHRA" failures="0" tests="1" name="rmgYantra.UpdateProjectTest" time="1.452" errors="0" timestamp="2023-07-22T11:15:35 IST" skipped="0">
  <testcase classname="rmgYantra.UpdateProjectTest" name="UpdateProject" time="1.452"/>
  <system-out/>
</testsuite> <!-- rmgYantra.UpdateProjectTest -->
