<?xml version="1.0" encoding="UTF-8"?>
<!-- Generated by org.testng.reporters.JUnitReportReporter -->
<testsuite hostname="MISHRA" failures="0" tests="1" name="GetAllProjectsAPITestcase.GetAllProjectsTest" time="12.614" errors="0" timestamp="2023-07-25T10:58:50 IST" skipped="0">
  <testcase classname="GetAllProjectsAPITestcase.GetAllProjectsTest" name="getAllProject" time="12.614"/>
  <system-out/>
</testsuite> <!-- GetAllProjectsAPITestcase.GetAllProjectsTest -->
