<?xml version="1.0" encoding="UTF-8"?>
<!-- Generated by org.testng.reporters.JUnitReportReporter -->
<testsuite hostname="MISHRA" failures="0" tests="1" name="DifferentTypeOFPath.AddProjectUsingHashMap" time="2.094" errors="0" timestamp="2023-07-22T13:12:11 IST" skipped="0">
  <testcase classname="DifferentTypeOFPath.AddProjectUsingHashMap" name="addProject" time="2.094"/>
  <system-out/>
</testsuite> <!-- DifferentTypeOFPath.AddProjectUsingHashMap -->
