<?xml version="1.0" encoding="UTF-8"?>
<!-- Generated by org.testng.reporters.JUnitReportReporter -->
<testsuite hostname="MISHRA" failures="0" tests="1" name="Auth.LoginAPITest" time="2.072" errors="0" timestamp="2023-07-25T12:22:21 IST" skipped="0">
  <testcase classname="Auth.LoginAPITest" name="digestAuthTest" time="2.072"/>
  <system-out/>
</testsuite> <!-- Auth.LoginAPITest -->
