<?xml version="1.0" encoding="UTF-8"?>
<!-- Generated by org.testng.reporters.JUnitReportReporter -->
<testsuite hostname="MISHRA" failures="0" tests="1" name="Serialization.SerializationOfEmpDetails" time="0.140" errors="0" timestamp="2023-07-26T11:50:27 IST" skipped="0">
  <testcase classname="Serialization.SerializationOfEmpDetails" name="serializationOfEmpDetails" time="0.140"/>
  <system-out/>
</testsuite> <!-- Serialization.SerializationOfEmpDetails -->
