<?xml version="1.0" encoding="UTF-8"?>
<!-- Generated by org.testng.reporters.JUnitReportReporter -->
<testsuite hostname="MISHRA" failures="0" tests="1" name="RMGYantraAPIWithFrameworkImplementation.GetSingleProjectTest" time="1.924" errors="0" timestamp="2023-07-27T10:15:51 IST" skipped="0">
  <testcase classname="RMGYantraAPIWithFrameworkImplementation.GetSingleProjectTest" name="getSingleProject" time="1.924"/>
  <system-out/>
</testsuite> <!-- RMGYantraAPIWithFrameworkImplementation.GetSingleProjectTest -->
