<?xml version="1.0" encoding="UTF-8"?>
<!-- Generated by org.testng.reporters.JUnitReportReporter -->
<testsuite hostname="MISHRA" failures="0" tests="1" name="rmgYantraBDDOptimization.AddProjectsTest" time="2.179" errors="0" timestamp="2023-07-22T12:07:40 IST" skipped="0">
  <testcase classname="rmgYantraBDDOptimization.AddProjectsTest" name="addProjects" time="2.179"/>
  <system-out/>
</testsuite> <!-- rmgYantraBDDOptimization.AddProjectsTest -->
