<?xml version="1.0" encoding="UTF-8"?>
<!-- Generated by org.testng.reporters.JUnitReportReporter -->
<testsuite hostname="MISHRA" failures="0" tests="1" name="Projects.AddProjectTest" time="31.076" errors="0" timestamp="2023-07-26T12:52:17 IST" skipped="0">
  <testcase classname="Projects.AddProjectTest" name="createProject" time="31.076"/>
  <system-out>
    <![CDATA[project created successfully]]>
  </system-out>
</testsuite> <!-- Projects.AddProjectTest -->
