<?xml version="1.0" encoding="UTF-8"?>
<!-- Generated by org.testng.reporters.JUnitReportReporter -->
<testsuite hostname="MISHRA" failures="0" tests="1" name="rmgYantra.AddProjectTest" time="2.859" errors="0" timestamp="2023-07-22T11:01:00 IST" skipped="0">
  <testcase classname="rmgYantra.AddProjectTest" name="addProject" time="2.859"/>
  <system-out/>
</testsuite> <!-- rmgYantra.AddProjectTest -->
