<?xml version="1.0" encoding="UTF-8"?>
<!-- Generated by org.testng.reporters.JUnitReportReporter -->
<testsuite hostname="MISHRA" failures="0" tests="1" name="Deserialization.DesealizationOFEmployeeDetails" time="0.137" errors="0" timestamp="2023-07-26T12:40:58 IST" skipped="0">
  <testcase classname="Deserialization.DesealizationOFEmployeeDetails" name="desealizationOFEmployeeDetails" time="0.137"/>
  <system-out/>
</testsuite> <!-- Deserialization.DesealizationOFEmployeeDetails -->
