<?xml version="1.0" encoding="UTF-8"?>
<!-- Generated by org.testng.reporters.JUnitReportReporter -->
<testsuite hostname="MISHRA" failures="0" tests="1" name="rmgYantraBDDOptimization.GetAllProjects" time="1.622" errors="0" timestamp="2023-07-22T12:02:52 IST" skipped="0">
  <testcase classname="rmgYantraBDDOptimization.GetAllProjects" name="getAllProjects" time="1.622"/>
  <system-out/>
</testsuite> <!-- rmgYantraBDDOptimization.GetAllProjects -->
