<?xml version="1.0" encoding="UTF-8"?>
<!-- Generated by org.testng.reporters.JUnitReportReporter -->
<testsuite hostname="MISHRA" failures="0" tests="1" name="rmgYantra.GetAllProjectsTest" time="1.539" errors="0" timestamp="2023-07-22T10:55:36 IST" skipped="0">
  <testcase classname="rmgYantra.GetAllProjectsTest" name="getAllProjects" time="1.539"/>
  <system-out/>
</testsuite> <!-- rmgYantra.GetAllProjectsTest -->
