<?xml version="1.0" encoding="UTF-8"?>
<!-- Generated by org.testng.reporters.JUnitReportReporter -->
<testsuite hostname="MISHRA" failures="0" tests="1" name="RMGYantraAPIWithFrameworkImplementation.GetAllProjectTest" time="78.428" errors="0" timestamp="2023-07-27T10:17:24 IST" skipped="0">
  <testcase classname="RMGYantraAPIWithFrameworkImplementation.GetAllProjectTest" name="getAllProjects" time="78.428"/>
  <system-out/>
</testsuite> <!-- RMGYantraAPIWithFrameworkImplementation.GetAllProjectTest -->
