<?xml version="1.0" encoding="UTF-8"?>
<!-- Generated by org.testng.reporters.JUnitReportReporter -->
<testsuite hostname="MISHRA" failures="0" tests="1" name="RMGYantraAPIWithFrameworkImplementation.AddProjectsTest" time="1.430" errors="0" timestamp="2023-07-27T10:06:34 IST" skipped="0">
  <testcase classname="RMGYantraAPIWithFrameworkImplementation.AddProjectsTest" name="addProjectWithSpecificationBuilder" time="1.430"/>
  <system-out/>
</testsuite> <!-- RMGYantraAPIWithFrameworkImplementation.AddProjectsTest -->
