<?xml version="1.0" encoding="UTF-8"?>
<!-- Generated by org.testng.reporters.JUnitReportReporter -->
<testsuite hostname="MISHRA" failures="0" tests="1" name="ResponseBodyValidate.HeaderValidationTest" time="1.660" errors="0" timestamp="2023-07-27T15:07:25 IST" skipped="0">
  <testcase classname="ResponseBodyValidate.HeaderValidationTest" name="headerValidation" time="1.660"/>
  <system-out/>
</testsuite> <!-- ResponseBodyValidate.HeaderValidationTest -->
