<?xml version="1.0" encoding="UTF-8"?>
<!-- Generated by org.testng.reporters.JUnitReportReporter -->
<testsuite hostname="MISHRA" failures="0" tests="1" name="GenericUtility.JavaUtility" time="0.011" errors="0" timestamp="2023-07-24T15:36:42 IST" skipped="0">
  <testcase classname="GenericUtility.JavaUtility" name="getRandom" time="0.011"/>
  <system-out/>
</testsuite> <!-- GenericUtility.JavaUtility -->
