<?xml version="1.0" encoding="UTF-8"?>
<!-- Generated by org.testng.reporters.JUnitReportReporter -->
<testsuite hostname="MISHRA" failures="0" tests="1" name="rmgYantra.DeleteProjectTest" time="1.194" errors="0" timestamp="2023-07-22T11:21:08 IST" skipped="0">
  <testcase classname="rmgYantra.DeleteProjectTest" name="deleteProject" time="1.194"/>
  <system-out/>
</testsuite> <!-- rmgYantra.DeleteProjectTest -->
