<?xml version="1.0" encoding="UTF-8"?>
<!-- Generated by org.testng.reporters.JUnitReportReporter -->
<testsuite hostname="MISHRA" failures="0" tests="5" name="DataDrivenTesting.AddProjectsUsingDDT" time="6.470" errors="0" timestamp="2023-07-24T15:41:53 IST" skipped="0">
  <testcase classname="DataDrivenTesting.AddProjectsUsingDDT" name="addProjectUsingDataProvider" time="0.676"/>
  <system-out/>
  <testcase classname="DataDrivenTesting.AddProjectsUsingDDT" name="addProjectUsingDataProvider" time="0.432"/>
  <system-out/>
  <testcase classname="DataDrivenTesting.AddProjectsUsingDDT" name="addProjectUsingDataProvider" time="1.732"/>
  <system-out/>
  <testcase classname="DataDrivenTesting.AddProjectsUsingDDT" name="addProjectUsingDataProvider" time="1.554"/>
  <system-out/>
  <testcase classname="DataDrivenTesting.AddProjectsUsingDDT" name="addProjectUsingDataProvider" time="2.076"/>
  <system-out/>
</testsuite> <!-- DataDrivenTesting.AddProjectsUsingDDT -->
