<?xml version="1.0" encoding="UTF-8"?>
<!-- Generated by org.testng.reporters.JUnitReportReporter -->
<testsuite hostname="MISHRA" failures="0" tests="1" name="ResponseBodyValidate.ResponseBodyMethods" time="1.644" errors="0" timestamp="2023-07-27T13:35:34 IST" skipped="0">
  <testcase classname="ResponseBodyValidate.ResponseBodyMethods" name="responseBodyMethods" time="1.644"/>
  <system-out/>
</testsuite> <!-- ResponseBodyValidate.ResponseBodyMethods -->
