<?xml version="1.0" encoding="UTF-8"?>
<!-- Generated by org.testng.reporters.JUnitReportReporter -->
<testsuite hostname="MISHRA" failures="0" tests="1" name="Auth.OauthWithCoopApp" time="2.127" errors="0" timestamp="2023-07-25T15:03:43 IST" skipped="0">
  <testcase classname="Auth.OauthWithCoopApp" name="coopToken" time="2.127"/>
  <system-out/>
</testsuite> <!-- Auth.OauthWithCoopApp -->
