<?xml version="1.0" encoding="UTF-8"?>
<!-- Generated by org.testng.reporters.JUnitReportReporter -->
<testsuite hostname="MISHRA" failures="0" tests="1" name="CreateUserSwaggerAPI.CreateUser" time="4.490" errors="0" timestamp="2023-07-24T17:24:15 IST" skipped="0">
  <testcase classname="CreateUserSwaggerAPI.CreateUser" name="getUserByUserName" time="4.490"/>
  <system-out/>
</testsuite> <!-- CreateUserSwaggerAPI.CreateUser -->
