<?xml version="1.0" encoding="UTF-8"?>
<!-- Generated by org.testng.reporters.JUnitReportReporter -->
<testsuite hostname="MISHRA" failures="0" tests="1" name="Projects.AddProjectTest" time="45.409" errors="0" timestamp="2023-07-26T16:01:47 IST" skipped="0">
  <testcase classname="Projects.AddProjectTest" name="createProject" time="45.409"/>
  <system-out>
    <![CDATA[project created successfully
projected created
project crated suceesfully]]>
  </system-out>
</testsuite> <!-- Projects.AddProjectTest -->
