<?xml version="1.0" encoding="UTF-8"?>
<!-- Generated by org.testng.reporters.JUnitReportReporter -->
<testsuite hostname="MISHRA" failures="0" tests="1" name="rmgYantraBDDOptimization.AddProjectsTest" time="1.197" errors="0" timestamp="2023-07-26T18:03:54 IST" skipped="0">
  <testcase classname="rmgYantraBDDOptimization.AddProjectsTest" name="addProjectWithSpecificationBuilder" time="1.197"/>
  <system-out/>
</testsuite> <!-- rmgYantraBDDOptimization.AddProjectsTest -->
