<?xml version="1.0" encoding="UTF-8"?>
<!-- Generated by org.testng.reporters.JUnitReportReporter -->
<testsuite hostname="MISHRA" failures="0" tests="1" name="ResponseBodyValidate.StatusLineValidationTest" time="1.621" errors="0" timestamp="2023-07-27T15:01:40 IST" skipped="0">
  <testcase classname="ResponseBodyValidate.StatusLineValidationTest" name="statusLineValidation" time="1.621"/>
  <system-out/>
</testsuite> <!-- ResponseBodyValidate.StatusLineValidationTest -->
