<?xml version="1.0" encoding="UTF-8"?>
<!-- Generated by org.testng.reporters.JUnitReportReporter -->
<testsuite hostname="MISHRA" failures="0" tests="1" name="Serialization.SerializationEmployeeDetailsWithObject" time="0.129" errors="0" timestamp="2023-07-26T12:14:11 IST" skipped="0">
  <testcase classname="Serialization.SerializationEmployeeDetailsWithObject" name="serializationEmployeeDetailsWithObject" time="0.129"/>
  <system-out/>
</testsuite> <!-- Serialization.SerializationEmployeeDetailsWithObject -->
