<?xml version="1.0" encoding="UTF-8"?>
<!-- Generated by org.testng.reporters.JUnitReportReporter -->
<testsuite hostname="MISHRA" failures="0" tests="1" name="Serialization.SerializationEmployeeDetailsWithArrays" time="0.124" errors="0" timestamp="2023-07-26T12:14:28 IST" skipped="0">
  <testcase classname="Serialization.SerializationEmployeeDetailsWithArrays" name="serializationEmployeeDetailsWithArray" time="0.124"/>
  <system-out/>
</testsuite> <!-- Serialization.SerializationEmployeeDetailsWithArrays -->
